<?xml version="1.0" encoding="UTF-8"?>
<!-- Generated by org.testng.reporters.JUnitReportReporter -->
<testsuite hostname="CO-IT014516" failures="0" tests="5" name="testng.auto.suite.TestNG" time="3.211" errors="0" timestamp="2022-09-27T16:03:20 COT" skipped="1">
  <testcase classname="testng.auto.suite.TestNG" name="SkipTest" time="0.003">
    <skipped/>
  </testcase> <!-- SkipTest -->
  <system-out/>
  <testcase classname="testng.auto.suite.TestNG" name="OpenBrowser" time="3.202"/>
  <system-out/>
  <testcase classname="testng.auto.suite.TestNG" name="AccountTest" time="0.001"/>
  <system-out/>
  <testcase classname="testng.auto.suite.TestNG" name="AccountTest" time="0.000"/>
  <system-out/>
  <testcase classname="testng.auto.suite.TestNG" name="AccountTest" time="0.005"/>
  <system-out/>
</testsuite> <!-- testng.auto.suite.TestNG -->
