<?xml version="1.0" encoding="UTF-8"?>
<!-- Generated by org.testng.reporters.JUnitReportReporter -->
<testsuite hostname="CO-IT014516" failures="0" tests="1" name="testng.auto.suite.DemoTest" time="0.949" errors="0" timestamp="2022-09-30T16:55:51 COT" skipped="0">
  <testcase classname="testng.auto.suite.DemoTest" name="test" time="0.949"/>
  <system-out/>
</testsuite> <!-- testng.auto.suite.DemoTest -->
