<?xml version="1.0" encoding="UTF-8"?>
<!-- Generated by org.testng.reporters.JUnitReportReporter -->
<testsuite hostname="CO-IT014516" failures="0" tests="2" name="testng.auto.suite.Hook" time="0.010" errors="0" timestamp="2022-10-10T16:42:25 COT" skipped="0">
  <testcase classname="testng.auto.suite.Hook" name="testCase1" time="0.007"/>
  <system-out/>
  <testcase classname="testng.auto.suite.Hook" name="testCase2" time="0.003"/>
  <system-out/>
</testsuite> <!-- testng.auto.suite.Hook -->
