<?xml version="1.0" encoding="UTF-8"?>
<!-- Generated by org.testng.reporters.JUnitReportReporter -->
<testsuite skipped="0" hostname="CO-IT006911" name="testng.auto.suite.Waits" tests="1" failures="0" timestamp="2022-12-26T16:31:06 COT" time="12.651" errors="0">
  <testcase name="testOneDocker" time="12.651" classname="testng.auto.suite.Waits"/>
  <system-out/>
</testsuite> <!-- testng.auto.suite.Waits -->
