<?xml version="1.0" encoding="UTF-8"?>
<!-- Generated by org.testng.reporters.JUnitReportReporter -->
<testsuite skipped="0" hostname="CO-IT006911" name="testng.auto.suite.DockerTest" tests="1" failures="0" timestamp="2022-12-27T09:16:51 COT" time="2.825" errors="0">
  <testcase name="testOneDocker" time="2.825" classname="testng.auto.suite.DockerTest"/>
  <system-out/>
</testsuite> <!-- testng.auto.suite.DockerTest -->
